2025-07-04T05:02:20.947Z info: GET /cloudinary/media/secure_files/du5p5ozw3deeb5wsatkf 304 - 10ms
2025-07-04T05:02:20.959Z info: GET /cloudinary/media/secure_files/du5p5ozw3deeb5wsatkf 304 - 3ms
2025-07-04T05:02:20.971Z info: GET /cloudinary/media/secure_files/du5p5ozw3deeb5wsatkf 304 - 2ms
2025-07-04T05:02:20.994Z info: GET /cloudinary/media/secure_files/du5p5ozw3deeb5wsatkf 304 - 3ms
2025-07-04T05:02:20.996Z info: GET /notification/unread-count 304 - 44ms
2025-07-04T05:02:21.040Z info: GET /post?page=1 200 - 155ms
2025-07-04T05:02:21.049Z info: GET /notification/unread-count 304 - 15ms
2025-07-04T05:02:21.075Z info: GET /post?page=1 304 - 31ms
2025-07-04T05:14:57.486Z info: GET /notification/unread-count 304 - 85ms
2025-07-04T05:14:57.504Z info: GET /admin/skills?page=1&limit=10&search= 200 - 62ms
2025-07-04T05:14:57.539Z info: GET /notification/unread-count 304 - 34ms
2025-07-04T05:14:57.546Z info: GET /admin/skills?page=1&limit=10&search= 304 - 29ms
2025-07-04T05:15:01.863Z info: GET /admin/skills?page=1&limit=10&search=r 200 - 22ms
2025-07-04T05:15:01.940Z info: GET /admin/skills?page=1&limit=10&search=re 200 - 22ms
2025-07-04T05:15:02.019Z info: GET /admin/skills?page=1&limit=10&search=rea 200 - 18ms
2025-07-04T05:15:02.171Z info: GET /admin/skills?page=1&limit=10&search=reac 200 - 17ms
2025-07-04T05:15:02.347Z info: GET /admin/skills?page=1&limit=10&search=react 200 - 18ms
2025-07-04T05:15:02.905Z info: GET /admin/skills?page=1&limit=10&search=reac 304 - 15ms
2025-07-04T05:15:03.082Z info: GET /admin/skills?page=1&limit=10&search=rea 304 - 17ms
2025-07-04T05:15:03.232Z info: GET /admin/skills?page=1&limit=10&search=re 304 - 16ms
2025-07-04T05:15:03.388Z info: GET /admin/skills?page=1&limit=10&search=r 304 - 19ms
2025-07-04T05:15:03.485Z info: GET /admin/skills?page=1&limit=10&search= 304 - 16ms
2025-07-04T05:15:14.405Z info: POST /admin/skills 400 - 31ms
2025-07-04T05:15:21.206Z info: POST /admin/skills 400 - 9ms
2025-07-04T05:15:25.928Z info: POST /admin/skills 201 - 25ms
2025-07-04T05:15:25.952Z info: GET /admin/skills?page=1&limit=10&search= 200 - 19ms
2025-07-04T05:15:30.946Z info: POST /admin/skills 400 - 9ms
2025-07-04T05:15:35.671Z info: DELETE /admin/skills/6867636d1e11ec344a2469ff 200 - 14ms
2025-07-04T05:15:35.693Z info: GET /admin/skills?page=1&limit=10&search= 200 - 18ms
2025-07-04T05:15:38.587Z info: PATCH /admin/skills/68660442329dc7b17a3196ce 200 - 15ms
2025-07-04T05:15:38.615Z info: GET /admin/skills?page=1&limit=10&search= 200 - 19ms
2025-07-04T05:24:04.162Z info: GET /cloudinary/media/secure_files/du5p5ozw3deeb5wsatkf 304 - 61ms
2025-07-04T05:24:04.193Z info: GET /cloudinary/media/secure_files/du5p5ozw3deeb5wsatkf 304 - 19ms
2025-07-04T05:24:04.232Z info: GET /notification/unread-count 304 - 36ms
2025-07-04T05:24:04.255Z info: GET /notification/unread-count 304 - 21ms
2025-07-04T05:24:04.709Z info: GET /cloudinary/media/secure_files/du5p5ozw3deeb5wsatkf 304 - 3ms
2025-07-04T05:24:04.722Z info: GET /cloudinary/media/secure_files/du5p5ozw3deeb5wsatkf 304 - 3ms
2025-07-04T05:24:04.749Z info: GET /user-profile/6819e4b63420abc944d45209 200 - 39ms
2025-07-04T05:24:04.754Z info: GET /user-profile/6819e4b63420abc944d45209/experiences 304 - 38ms
2025-07-04T05:24:04.777Z info: GET /user-profile/6819e4b63420abc944d45209 304 - 22ms
2025-07-04T05:24:04.784Z info: GET /user-profile/6819e4b63420abc944d45209/experiences 304 - 25ms
2025-07-04T05:24:04.800Z info: GET /cloudinary/media/secure_files/du5p5ozw3deeb5wsatkf 304 - 4ms
2025-07-04T05:24:04.812Z info: GET /cloudinary/media/secure_files/du5p5ozw3deeb5wsatkf 304 - 4ms
2025-07-04T05:24:04.817Z info: GET /user-profile/6819e4b63420abc944d45209 304 - 28ms
2025-07-04T05:24:04.834Z info: GET /user-profile/6819e4b63420abc944d45209 304 - 12ms
2025-07-04T05:24:04.845Z info: GET /user-profile/6819e4b63420abc944d45209 304 - 10ms
2025-07-04T05:24:04.858Z info: GET /user-profile/6819e4b63420abc944d45209 304 - 11ms
2025-07-04T05:24:05.502Z info: GET /skill/user 200 - 26ms
2025-07-04T05:24:05.520Z info: GET /skill/user 304 - 16ms
2025-07-04T05:24:09.288Z info: GET /skill/search?q=hell 200 - 4ms
2025-07-04T05:24:11.368Z info: GET /skill/search?q=rea 200 - 5ms
2025-07-04T05:24:11.597Z info: GET /skill/search?q=reac 200 - 4ms
2025-07-04T05:24:11.822Z info: GET /skill/search?q=react 200 - 4ms
2025-07-04T05:24:13.233Z info: POST /skill 200 - 50ms
2025-07-04T05:24:13.269Z info: GET /skill/user 200 - 14ms
2025-07-04T05:24:15.142Z info: GET /skill/search?q=react 200 - 4ms
2025-07-04T05:24:26.695Z info: GET /skill/search?q=reac 200 - 4ms
2025-07-04T05:24:31.359Z info: DELETE /skill 200 - 14ms
2025-07-04T05:24:31.383Z info: GET /skill/user 200 - 19ms
2025-07-04T05:24:42.010Z info: GET /post/user?page=1 200 - 25ms
2025-07-04T05:24:42.033Z info: GET /post/user?page=1 304 - 21ms
2025-07-04T05:24:42.889Z info: GET /user-profile/6819e4b63420abc944d45209/certificates 200 - 19ms
2025-07-04T05:24:42.901Z info: GET /user-profile/6819e4b63420abc944d45209/certificates 304 - 10ms
2025-07-04T05:24:44.571Z info: GET /user-profile/6819e4b63420abc944d45209/projects 200 - 17ms
2025-07-04T05:24:44.585Z info: GET /user-profile/6819e4b63420abc944d45209/projects 304 - 12ms
2025-07-04T05:24:45.516Z info: GET /user-profile/6819e4b63420abc944d45209/educations 200 - 17ms
2025-07-04T05:24:45.533Z info: GET /user-profile/6819e4b63420abc944d45209/educations 304 - 15ms
2025-07-04T05:24:47.391Z info: GET /user-profile/6819e4b63420abc944d45209/experiences 304 - 20ms
2025-07-04T05:24:47.409Z info: GET /user-profile/6819e4b63420abc944d45209/experiences 304 - 16ms
2025-07-04T05:24:55.678Z info: GET /users/6819e4b63420abc944d45209/followers 200 - 33ms
2025-07-04T05:24:57.033Z info: GET /users/6819e4b63420abc944d45209/followers 304 - 37ms
2025-07-04T05:24:58.075Z info: GET /users/6819e4b63420abc944d45209/followers 304 - 44ms
2025-07-04T05:25:00.311Z info: GET /users/6819e4b63420abc944d45209/following 200 - 34ms
2025-07-04T05:25:02.213Z info: GET /cloudinary/media/secure_files/du5p5ozw3deeb5wsatkf 304 - 4ms
2025-07-04T05:25:02.233Z info: GET /cloudinary/media/secure_files/du5p5ozw3deeb5wsatkf 304 - 4ms
2025-07-04T05:25:02.246Z info: GET /cloudinary/media/secure_files/du5p5ozw3deeb5wsatkf 304 - 4ms
2025-07-04T05:25:02.248Z info: GET /notification/unread-count 304 - 33ms
2025-07-04T05:25:02.269Z info: GET /cloudinary/media/secure_files/du5p5ozw3deeb5wsatkf 304 - 4ms
2025-07-04T05:25:02.318Z info: GET /post?page=1 200 - 116ms
2025-07-04T05:25:02.320Z info: GET /notification/unread-count 304 - 50ms
2025-07-04T05:25:02.359Z info: GET /post?page=1 304 - 38ms
2025-07-04T05:25:07.469Z info: GET /post?page=2 200 - 30ms
2025-07-04T05:26:09.989Z info: GET /admin/skills?page=1&limit=10&search=w 200 - 21ms
2025-07-04T05:26:10.108Z info: GET /admin/skills?page=1&limit=10&search=wh 200 - 19ms
2025-07-04T05:26:10.199Z info: GET /admin/skills?page=1&limit=10&search=whe 200 - 16ms
2025-07-04T05:26:10.288Z info: GET /admin/skills?page=1&limit=10&search=wher 200 - 17ms
2025-07-04T05:26:10.510Z info: GET /admin/skills?page=1&limit=10&search=wher+ 200 - 15ms
2025-07-04T05:26:10.663Z info: GET /admin/skills?page=1&limit=10&search=wher+a 200 - 16ms
2025-07-04T05:26:10.805Z info: GET /admin/skills?page=1&limit=10&search=wher+ar 200 - 14ms
2025-07-04T05:26:17.206Z info: POST /admin/skills 201 - 11ms
2025-07-04T05:26:17.230Z info: GET /admin/skills?page=1&limit=10&search=wher+ar 304 - 20ms
2025-07-04T05:27:44.752Z info: GET /admin/skills?page=1&limit=10&search= 200 - 16ms
2025-07-04T05:27:58.577Z info: GET /notification/unread-count 304 - 19ms
2025-07-04T05:27:58.583Z info: GET /admin/skills?page=1&limit=10&search= 304 - 21ms
2025-07-04T05:27:58.599Z info: GET /notification/unread-count 304 - 15ms
2025-07-04T05:27:58.605Z info: GET /admin/skills?page=1&limit=10&search= 304 - 18ms
2025-07-04T05:28:09.791Z info: GET /notification/unread-count 304 - 16ms
2025-07-04T05:28:09.796Z info: GET /admin/skills?page=1&limit=10&search= 304 - 17ms
2025-07-04T05:28:09.816Z info: GET /notification/unread-count 304 - 19ms
2025-07-04T05:28:09.821Z info: GET /admin/skills?page=1&limit=10&search= 304 - 20ms
2025-07-04T05:42:39.127Z info: GET /admin/skills?page=1&limit=10&search= 304 - 49ms
2025-07-04T05:43:58.314Z info: GET /notification/unread-count 304 - 20ms
2025-07-04T05:43:58.321Z info: GET /admin/skills?page=1&limit=10&search= 304 - 19ms
2025-07-04T05:43:58.345Z info: GET /notification/unread-count 304 - 23ms
2025-07-04T05:43:58.351Z info: GET /admin/skills?page=1&limit=10&search= 304 - 23ms
2025-07-04T05:43:59.243Z info: GET /admin/skills/686765f96a5c9e39d0db8a7e 200 - 14ms
2025-07-04T05:44:48.135Z info: GET /notification/unread-count 304 - 17ms
2025-07-04T05:44:48.142Z info: GET /admin/skills?page=1&limit=10&search= 304 - 16ms
2025-07-04T05:44:48.160Z info: GET /notification/unread-count 304 - 17ms
2025-07-04T05:44:48.167Z info: GET /admin/skills?page=1&limit=10&search= 304 - 18ms
2025-07-04T05:44:54.163Z info: GET /notification/unread-count 304 - 22ms
2025-07-04T05:44:54.169Z info: GET /admin/skills?page=1&limit=10&search= 304 - 23ms
2025-07-04T05:44:54.189Z info: GET /notification/unread-count 304 - 19ms
2025-07-04T05:44:54.192Z info: GET /admin/skills?page=1&limit=10&search= 304 - 18ms
2025-07-04T05:44:55.360Z info: GET /admin/skills/686765f96a5c9e39d0db8a7e 304 - 13ms
2025-07-04T05:47:17.398Z info: GET /admin/skills/6827f8819088ac70efc0258e 200 - 11ms
2025-07-04T05:47:50.791Z info: GET /notification/unread-count 304 - 17ms
2025-07-04T05:47:50.797Z info: GET /admin/skills?page=1&limit=10&search= 304 - 18ms
2025-07-04T05:47:50.817Z info: GET /notification/unread-count 304 - 19ms
2025-07-04T05:47:50.823Z info: GET /admin/skills?page=1&limit=10&search= 304 - 19ms
2025-07-04T05:47:58.088Z info: GET /admin/skills/68660442329dc7b17a3196ce 200 - 12ms
2025-07-04T05:48:08.389Z info: GET /notification/unread-count 304 - 19ms
2025-07-04T05:48:08.394Z info: GET /admin/skills?page=1&limit=10&search= 304 - 19ms
2025-07-04T05:48:08.410Z info: GET /notification/unread-count 304 - 15ms
2025-07-04T05:48:08.415Z info: GET /admin/skills?page=1&limit=10&search= 304 - 16ms
2025-07-04T05:48:11.085Z info: GET /admin/skills/6867657d6a5c9e39d0db8a12 200 - 12ms
2025-07-04T06:00:40.348Z info: GET /notification/unread-count 304 - 57ms
2025-07-04T06:00:40.368Z info: GET /admin/skills?page=1&limit=10&search= 304 - 60ms
2025-07-04T06:00:40.387Z info: GET /notification/unread-count 304 - 18ms
2025-07-04T06:00:40.399Z info: GET /admin/skills?page=1&limit=10&search= 304 - 25ms
2025-07-04T06:00:51.840Z info: GET /admin/skills/686765f96a5c9e39d0db8a7e 400 - 24ms
2025-07-04T06:02:09.502Z info: GET /notification/unread-count 304 - 49ms
2025-07-04T06:02:09.533Z info: GET /admin/skills?page=1&limit=10&search= 304 - 65ms
2025-07-04T06:02:09.581Z info: GET /notification/unread-count 304 - 27ms
2025-07-04T06:02:09.586Z info: GET /admin/skills?page=1&limit=10&search= 304 - 26ms
2025-07-04T06:02:11.239Z info: GET /admin/skills/686765f96a5c9e39d0db8a7e 400 - 18ms
2025-07-04T06:03:01.773Z info: GET /notification/unread-count 304 - 40ms
2025-07-04T06:03:01.786Z info: GET /admin/skills?page=1&limit=10&search= 304 - 39ms
2025-07-04T06:03:01.802Z info: GET /notification/unread-count 304 - 14ms
2025-07-04T06:03:01.809Z info: GET /admin/skills?page=1&limit=10&search= 304 - 17ms
2025-07-04T06:03:03.031Z info: GET /admin/skills/686765f96a5c9e39d0db8a7e 400 - 22ms
2025-07-04T06:04:48.223Z info: GET /notification/unread-count 304 - 60ms
2025-07-04T06:04:48.242Z info: GET /admin/skills?page=1&limit=10&search= 304 - 62ms
2025-07-04T06:04:48.267Z info: GET /notification/unread-count 304 - 23ms
2025-07-04T06:04:48.274Z info: GET /admin/skills?page=1&limit=10&search= 304 - 23ms
2025-07-04T06:04:49.630Z info: GET /admin/skills/686765f96a5c9e39d0db8a7e 400 - 26ms
2025-07-04T06:05:44.286Z info: GET /notification/unread-count 304 - 43ms
2025-07-04T06:05:44.301Z info: GET /admin/skills?page=1&limit=10&search= 304 - 47ms
2025-07-04T06:05:44.324Z info: GET /notification/unread-count 304 - 21ms
2025-07-04T06:05:44.364Z info: GET /admin/skills?page=1&limit=10&search= 304 - 56ms
2025-07-04T06:05:45.868Z info: GET /admin/skills/686765f96a5c9e39d0db8a7e 400 - 22ms
